11/Mar/2021:01:06:54 446 [Calculator.java] [INFO] calculator.Calculator [x raised to y] - -2.0 ^ 2.3
11/Mar/2021:01:06:54 451 [Calculator.java] [INFO] calculator.Calculator [RESULT - x raised to y] - NaN
11/Mar/2021:01:07:35 363 [Calculator.java] [ERROR] calculator.Calculator Invalid input, Entered input is not a number
11/Mar/2021:01:13:08 616 [Calculator.java] [INFO] calculator.Calculator [x raised to y] - 23.0 ^ 3.0
11/Mar/2021:01:13:08 620 [Calculator.java] [INFO] calculator.Calculator [RESULT - x raised to y] - 12167.0
11/Mar/2021:01:13:16 948 [Calculator.java] [INFO] calculator.Calculator [x raised to y] - -2.0 ^ 5.6
11/Mar/2021:01:13:16 949 [Calculator.java] [INFO] calculator.Calculator [RESULT - x raised to y] - NaN
11/Mar/2021:01:13:22 076 [Calculator.java] [ERROR] calculator.Calculator Invalid input, Entered input is not a number
11/Mar/2021:02:19:29 301 [Calculator.java] [INFO] calculator.Calculator [SQUARE ROOT] - sqrt( 64.0)
11/Mar/2021:02:19:29 308 [Calculator.java] [INFO] calculator.Calculator [RESULT - SQUARE ROOT] - 8.0
11/Mar/2021:02:19:39 083 [Calculator.java] [INFO] calculator.Calculator [FACTORIAL] - 8!
11/Mar/2021:02:19:39 083 [Calculator.java] [INFO] calculator.Calculator [RESULT - FACTORIAL] - 40320.0
11/Mar/2021:02:19:44 545 [Calculator.java] [INFO] calculator.Calculator [NATURAL LOG] - (100.0)
11/Mar/2021:02:19:44 546 [Calculator.java] [INFO] calculator.Calculator [RESULT - NATURAL LOG] - 4.605170185988092
11/Mar/2021:02:19:51 992 [Calculator.java] [INFO] calculator.Calculator [x raised to y] - 2.0 ^ 2.0
11/Mar/2021:02:19:51 993 [Calculator.java] [INFO] calculator.Calculator [RESULT - x raised to y] - 4.0
11/Mar/2021:02:20:00 376 [Calculator.java] [INFO] calculator.Calculator [x raised to y] - -2.0 ^ 2.7
11/Mar/2021:02:20:00 377 [Calculator.java] [INFO] calculator.Calculator [RESULT - x raised to y] - NaN
11/Mar/2021:02:20:05 868 [Calculator.java] [INFO] calculator.Calculator [SQUARE ROOT] - sqrt( -6.0)
11/Mar/2021:02:20:05 869 [Calculator.java] [ERROR] calculator.Calculator [EXCEPTION - SQUARE ROOT] - Cannot find square root of negative number Case of NaN negative square root
11/Mar/2021:02:20:05 869 [Calculator.java] [INFO] calculator.Calculator [RESULT - SQUARE ROOT] - NaN
11/Mar/2021:02:20:09 367 [Calculator.java] [ERROR] calculator.Calculator Invalid input, Entered input is not a number
11/Mar/2021:02:20:19 254 [Calculator.java] [ERROR] calculator.Calculator Invalid input, Entered input is not a number
11/Mar/2021:02:33:48 442 [Calculator.java] [ERROR] calculator.Calculator Invalid input, Entered input is not a number
11/Mar/2021:02:35:00 603 [Calculator.java] [INFO] calculator.Calculator [FACTORIAL] - 4!
11/Mar/2021:02:35:00 608 [Calculator.java] [INFO] calculator.Calculator [RESULT - FACTORIAL] - 24.0
11/Mar/2021:02:42:35 522 [Calculator.java] [INFO] calculator.Calculator [FACTORIAL] - 4!
11/Mar/2021:02:42:35 529 [Calculator.java] [INFO] calculator.Calculator [RESULT - FACTORIAL] - 24.0
11/Mar/2021:02:42:35 530 [Calculator.java] [INFO] calculator.Calculator [FACTORIAL] - -4!
11/Mar/2021:02:42:35 531 [Calculator.java] [ERROR] calculator.Calculator [EXCEPTION - FACTORIAL] - Cannot find FACTORIAL of negative number Domain Error
11/Mar/2021:02:42:35 531 [Calculator.java] [INFO] calculator.Calculator [RESULT - FACTORIAL] - NaN
11/Mar/2021:02:51:01 574 [Calculator.java] [INFO] calculator.Calculator [SQUARE ROOT] - sqrt( 64.0)
11/Mar/2021:02:51:01 579 [Calculator.java] [INFO] calculator.Calculator [RESULT - SQUARE ROOT] - 8.0
11/Mar/2021:02:51:01 581 [Calculator.java] [INFO] calculator.Calculator [SQUARE ROOT] - sqrt( -4.0)
11/Mar/2021:02:51:01 582 [Calculator.java] [ERROR] calculator.Calculator [EXCEPTION - SQUARE ROOT] - Cannot find square root of negative number Case of NaN negative square root
11/Mar/2021:02:51:01 583 [Calculator.java] [INFO] calculator.Calculator [RESULT - SQUARE ROOT] - NaN
11/Mar/2021:02:53:49 276 [Calculator.java] [INFO] calculator.Calculator [NATURAL LOG] - (10.0)
11/Mar/2021:02:53:49 287 [Calculator.java] [INFO] calculator.Calculator [RESULT - NATURAL LOG] - 2.302585092994046
11/Mar/2021:02:53:49 436 [Calculator.java] [INFO] calculator.Calculator [SQUARE ROOT] - sqrt( 64.0)
11/Mar/2021:02:53:49 436 [Calculator.java] [INFO] calculator.Calculator [RESULT - SQUARE ROOT] - 8.0
11/Mar/2021:02:53:49 437 [Calculator.java] [INFO] calculator.Calculator [SQUARE ROOT] - sqrt( -4.0)
11/Mar/2021:02:53:49 437 [Calculator.java] [ERROR] calculator.Calculator [EXCEPTION - SQUARE ROOT] - Cannot find square root of negative number Case of NaN negative square root
11/Mar/2021:02:53:49 437 [Calculator.java] [INFO] calculator.Calculator [RESULT - SQUARE ROOT] - NaN
11/Mar/2021:02:53:49 438 [Calculator.java] [INFO] calculator.Calculator [FACTORIAL] - 4!
11/Mar/2021:02:53:49 438 [Calculator.java] [INFO] calculator.Calculator [RESULT - FACTORIAL] - 24.0
11/Mar/2021:02:53:49 439 [Calculator.java] [INFO] calculator.Calculator [FACTORIAL] - -4!
11/Mar/2021:02:53:49 439 [Calculator.java] [ERROR] calculator.Calculator [EXCEPTION - FACTORIAL] - Cannot find FACTORIAL of negative number Domain Error
11/Mar/2021:02:53:49 439 [Calculator.java] [INFO] calculator.Calculator [RESULT - FACTORIAL] - NaN
11/Mar/2021:02:53:49 440 [Calculator.java] [INFO] calculator.Calculator [x raised to y] - 4.0 ^ 2.0
11/Mar/2021:02:53:49 440 [Calculator.java] [INFO] calculator.Calculator [RESULT - x raised to y] - 16.0
11/Mar/2021:02:53:49 441 [Calculator.java] [INFO] calculator.Calculator [x raised to y] - -4.0 ^ 2.3
11/Mar/2021:02:53:49 442 [Calculator.java] [INFO] calculator.Calculator [RESULT - x raised to y] - NaN
11/Mar/2021:02:58:18 230 [Calculator.java] [INFO] calculator.Calculator [NATURAL LOG] - (2.718281828459045)
11/Mar/2021:02:58:18 250 [Calculator.java] [INFO] calculator.Calculator [RESULT - NATURAL LOG] - 1.0
11/Mar/2021:02:58:18 250 [Calculator.java] [INFO] calculator.Calculator [NATURAL LOG] - (-1.0)
11/Mar/2021:02:58:18 251 [Calculator.java] [ERROR] calculator.Calculator [EXCEPTION - NATURAL LOG] - Cannot find LOG of negative number or 0 Domain Error
11/Mar/2021:02:58:18 251 [Calculator.java] [INFO] calculator.Calculator [RESULT - NATURAL LOG] - NaN
11/Mar/2021:02:58:18 252 [Calculator.java] [INFO] calculator.Calculator [NATURAL LOG] - (0.0)
11/Mar/2021:02:58:18 252 [Calculator.java] [ERROR] calculator.Calculator [EXCEPTION - NATURAL LOG] - Cannot find LOG of negative number or 0 Domain Error
11/Mar/2021:02:58:18 253 [Calculator.java] [INFO] calculator.Calculator [RESULT - NATURAL LOG] - NaN
11/Mar/2021:02:58:18 266 [Calculator.java] [INFO] calculator.Calculator [SQUARE ROOT] - sqrt( 64.0)
11/Mar/2021:02:58:18 267 [Calculator.java] [INFO] calculator.Calculator [RESULT - SQUARE ROOT] - 8.0
11/Mar/2021:02:58:18 267 [Calculator.java] [INFO] calculator.Calculator [SQUARE ROOT] - sqrt( -4.0)
11/Mar/2021:02:58:18 268 [Calculator.java] [ERROR] calculator.Calculator [EXCEPTION - SQUARE ROOT] - Cannot find square root of negative number Case of NaN negative square root
11/Mar/2021:02:58:18 269 [Calculator.java] [INFO] calculator.Calculator [RESULT - SQUARE ROOT] - NaN
11/Mar/2021:02:58:18 270 [Calculator.java] [INFO] calculator.Calculator [FACTORIAL] - 4!
11/Mar/2021:02:58:18 270 [Calculator.java] [INFO] calculator.Calculator [RESULT - FACTORIAL] - 24.0
11/Mar/2021:02:58:18 271 [Calculator.java] [INFO] calculator.Calculator [FACTORIAL] - -4!
11/Mar/2021:02:58:18 271 [Calculator.java] [ERROR] calculator.Calculator [EXCEPTION - FACTORIAL] - Cannot find FACTORIAL of negative number Domain Error
11/Mar/2021:02:58:18 272 [Calculator.java] [INFO] calculator.Calculator [RESULT - FACTORIAL] - NaN
11/Mar/2021:02:58:18 273 [Calculator.java] [INFO] calculator.Calculator [x raised to y] - 4.0 ^ 2.0
11/Mar/2021:02:58:18 273 [Calculator.java] [INFO] calculator.Calculator [RESULT - x raised to y] - 16.0
11/Mar/2021:02:58:18 274 [Calculator.java] [INFO] calculator.Calculator [x raised to y] - -4.0 ^ 2.3
11/Mar/2021:02:58:18 274 [Calculator.java] [INFO] calculator.Calculator [RESULT - x raised to y] - NaN
11/Mar/2021:03:37:24 946 [Calculator.java] [INFO] calculator.Calculator [FACTORIAL] - 4!
11/Mar/2021:03:37:24 953 [Calculator.java] [INFO] calculator.Calculator [RESULT - FACTORIAL] - 24.0
11/Mar/2021:03:37:24 954 [Calculator.java] [INFO] calculator.Calculator [FACTORIAL] - -4!
11/Mar/2021:03:37:24 955 [Calculator.java] [ERROR] calculator.Calculator [EXCEPTION - FACTORIAL] - Cannot find FACTORIAL of negative number Domain Error
11/Mar/2021:03:37:24 955 [Calculator.java] [INFO] calculator.Calculator [RESULT - FACTORIAL] - NaN
11/Mar/2021:03:37:38 361 [Calculator.java] [INFO] calculator.Calculator [FACTORIAL] - 4!
11/Mar/2021:03:37:38 368 [Calculator.java] [INFO] calculator.Calculator [RESULT - FACTORIAL] - 24.0
11/Mar/2021:03:37:52 371 [Calculator.java] [INFO] calculator.Calculator [FACTORIAL] - 4!
11/Mar/2021:03:37:52 393 [Calculator.java] [INFO] calculator.Calculator [RESULT - FACTORIAL] - 24.0
11/Mar/2021:03:37:52 407 [Calculator.java] [INFO] calculator.Calculator [NATURAL LOG] - (2.718281828459045)
11/Mar/2021:03:37:52 408 [Calculator.java] [INFO] calculator.Calculator [RESULT - NATURAL LOG] - 1.0
11/Mar/2021:03:37:52 408 [Calculator.java] [INFO] calculator.Calculator [NATURAL LOG] - (-1.0)
11/Mar/2021:03:37:52 409 [Calculator.java] [ERROR] calculator.Calculator [EXCEPTION - NATURAL LOG] - Cannot find LOG of negative number or 0 Domain Error
11/Mar/2021:03:37:52 410 [Calculator.java] [INFO] calculator.Calculator [RESULT - NATURAL LOG] - NaN
11/Mar/2021:03:37:52 412 [Calculator.java] [INFO] calculator.Calculator [NATURAL LOG] - (0.0)
11/Mar/2021:03:37:52 412 [Calculator.java] [ERROR] calculator.Calculator [EXCEPTION - NATURAL LOG] - Cannot find LOG of negative number or 0 Domain Error
11/Mar/2021:03:37:52 413 [Calculator.java] [INFO] calculator.Calculator [RESULT - NATURAL LOG] - NaN
11/Mar/2021:03:37:52 416 [Calculator.java] [INFO] calculator.Calculator [SQUARE ROOT] - sqrt( 64.0)
11/Mar/2021:03:37:52 417 [Calculator.java] [INFO] calculator.Calculator [RESULT - SQUARE ROOT] - 8.0
11/Mar/2021:03:37:52 418 [Calculator.java] [INFO] calculator.Calculator [SQUARE ROOT] - sqrt( -4.0)
11/Mar/2021:03:37:52 419 [Calculator.java] [ERROR] calculator.Calculator [EXCEPTION - SQUARE ROOT] - Cannot find square root of negative number Case of NaN negative square root
11/Mar/2021:03:37:52 420 [Calculator.java] [INFO] calculator.Calculator [RESULT - SQUARE ROOT] - NaN
11/Mar/2021:03:37:52 424 [Calculator.java] [INFO] calculator.Calculator [SQUARE ROOT] - sqrt( 64.0)
11/Mar/2021:03:37:52 424 [Calculator.java] [INFO] calculator.Calculator [RESULT - SQUARE ROOT] - 8.0
11/Mar/2021:03:37:52 431 [Calculator.java] [INFO] calculator.Calculator [FACTORIAL] - 4!
11/Mar/2021:03:37:52 432 [Calculator.java] [INFO] calculator.Calculator [RESULT - FACTORIAL] - 24.0
11/Mar/2021:03:37:52 433 [Calculator.java] [INFO] calculator.Calculator [FACTORIAL] - -4!
11/Mar/2021:03:37:52 433 [Calculator.java] [ERROR] calculator.Calculator [EXCEPTION - FACTORIAL] - Cannot find FACTORIAL of negative number Domain Error
11/Mar/2021:03:37:52 434 [Calculator.java] [INFO] calculator.Calculator [RESULT - FACTORIAL] - NaN
11/Mar/2021:03:37:52 439 [Calculator.java] [INFO] calculator.Calculator [NATURAL LOG] - (2.718281828459045)
11/Mar/2021:03:37:52 439 [Calculator.java] [INFO] calculator.Calculator [RESULT - NATURAL LOG] - 1.0
11/Mar/2021:03:37:52 444 [Calculator.java] [INFO] calculator.Calculator [x raised to y] - 4.0 ^ 2.0
11/Mar/2021:03:37:52 445 [Calculator.java] [INFO] calculator.Calculator [RESULT - x raised to y] - 16.0
11/Mar/2021:03:37:52 470 [Calculator.java] [INFO] calculator.Calculator [x raised to y] - 4.0 ^ 2.0
11/Mar/2021:03:37:52 474 [Calculator.java] [INFO] calculator.Calculator [RESULT - x raised to y] - 16.0
11/Mar/2021:03:37:52 475 [Calculator.java] [INFO] calculator.Calculator [x raised to y] - -4.0 ^ 2.3
11/Mar/2021:03:37:52 476 [Calculator.java] [INFO] calculator.Calculator [RESULT - x raised to y] - NaN
